<?xml version="1.0" encoding="UTF-8"?>
<testng-results ignored="0" total="1" passed="1" failed="0" skipped="0">
  <reporter-output>
  </reporter-output>
  <suite started-at="2025-05-29T19:08:28 IST" name="Default suite" finished-at="2025-05-29T19:08:47 IST" duration-ms="18582">
    <groups>
    </groups>
    <test started-at="2025-05-29T19:08:28 IST" name="Default test" finished-at="2025-05-29T19:08:47 IST" duration-ms="18582">
      <class name="selinium.Login">
        <test-method is-config="true" signature="setup()[pri:0, instance:selinium.Login@24313fcc]" started-at="2025-05-29T19:08:28 IST" name="setup" finished-at="2025-05-29T19:08:35 IST" duration-ms="6736" status="PASS">
          <reporter-output>
          </reporter-output>
        </test-method> <!-- setup -->
        <test-method signature="use()[pri:0, instance:selinium.Login@24313fcc]" started-at="2025-05-29T19:08:35 IST" name="use" finished-at="2025-05-29T19:08:47 IST" duration-ms="11709" status="PASS">
          <reporter-output>
          </reporter-output>
        </test-method> <!-- use -->
      </class> <!-- selinium.Login -->
    </test> <!-- Default test -->
  </suite> <!-- Default suite -->
</testng-results>
